{"C:\\Users\\daniel\\Documents\\GitHub\\To-Do-List\\src\\modules\\ToDoList.js": {"path":"C:\\Users\\daniel\\Documents\\GitHub\\To-Do-List\\src\\modules\\ToDoList.js","statementMap":{"0":{"start":{"line":1,"column":12},"end":{"line":1,"column":59}},"1":{"start":{"line":4,"column":2},"end":{"line":4,"column":55}},"2":{"start":{"line":8,"column":2},"end":{"line":8,"column":25}},"3":{"start":{"line":9,"column":2},"end":{"line":9,"column":20}},"4":{"start":{"line":12,"column":2},"end":{"line":14,"column":3}},"5":{"start":{"line":12,"column":15},"end":{"line":12,"column":16}},"6":{"start":{"line":13,"column":4},"end":{"line":13,"column":27}},"7":{"start":{"line":15,"column":2},"end":{"line":15,"column":13}},"8":{"start":{"line":19,"column":19},"end":{"line":19,"column":50}},"9":{"start":{"line":20,"column":2},"end":{"line":20,"column":29}},"10":{"start":{"line":21,"column":2},"end":{"line":21,"column":37}},"11":{"start":{"line":22,"column":2},"end":{"line":22,"column":36}},"12":{"start":{"line":23,"column":2},"end":{"line":26,"column":5}},"13":{"start":{"line":24,"column":4},"end":{"line":24,"column":38}},"14":{"start":{"line":25,"column":4},"end":{"line":25,"column":15}},"15":{"start":{"line":27,"column":2},"end":{"line":27,"column":33}},"16":{"start":{"line":31,"column":26},"end":{"line":31,"column":62}},"17":{"start":{"line":32,"column":2},"end":{"line":32,"column":33}},"18":{"start":{"line":34,"column":2},"end":{"line":76,"column":5}},"19":{"start":{"line":35,"column":21},"end":{"line":35,"column":49}},"20":{"start":{"line":36,"column":4},"end":{"line":36,"column":39}},"21":{"start":{"line":38,"column":4},"end":{"line":38,"column":29}},"22":{"start":{"line":40,"column":20},"end":{"line":40,"column":49}},"23":{"start":{"line":41,"column":4},"end":{"line":41,"column":37}},"24":{"start":{"line":42,"column":4},"end":{"line":42,"column":41}},"25":{"start":{"line":44,"column":28},"end":{"line":56,"column":5}},"26":{"start":{"line":45,"column":24},"end":{"line":45,"column":55}},"27":{"start":{"line":46,"column":6},"end":{"line":46,"column":41}},"28":{"start":{"line":47,"column":6},"end":{"line":47,"column":41}},"29":{"start":{"line":48,"column":6},"end":{"line":48,"column":37}},"30":{"start":{"line":49,"column":6},"end":{"line":49,"column":24}},"31":{"start":{"line":50,"column":6},"end":{"line":55,"column":9}},"32":{"start":{"line":51,"column":8},"end":{"line":51,"column":43}},"33":{"start":{"line":52,"column":8},"end":{"line":52,"column":39}},"34":{"start":{"line":53,"column":8},"end":{"line":53,"column":45}},"35":{"start":{"line":54,"column":8},"end":{"line":54,"column":19}},"36":{"start":{"line":57,"column":4},"end":{"line":57,"column":58}},"37":{"start":{"line":58,"column":4},"end":{"line":58,"column":34}},"38":{"start":{"line":60,"column":20},"end":{"line":60,"column":49}},"39":{"start":{"line":61,"column":4},"end":{"line":61,"column":37}},"40":{"start":{"line":63,"column":21},"end":{"line":63,"column":50}},"41":{"start":{"line":64,"column":4},"end":{"line":64,"column":69}},"42":{"start":{"line":65,"column":4},"end":{"line":65,"column":34}},"43":{"start":{"line":66,"column":4},"end":{"line":66,"column":74}},"44":{"start":{"line":66,"column":45},"end":{"line":66,"column":72}},"45":{"start":{"line":67,"column":4},"end":{"line":67,"column":34}},"46":{"start":{"line":68,"column":4},"end":{"line":68,"column":42}},"47":{"start":{"line":70,"column":4},"end":{"line":72,"column":7}},"48":{"start":{"line":71,"column":6},"end":{"line":71,"column":58}},"49":{"start":{"line":73,"column":4},"end":{"line":75,"column":7}},"50":{"start":{"line":74,"column":6},"end":{"line":74,"column":71}},"51":{"start":{"line":80,"column":16},"end":{"line":80,"column":50}},"52":{"start":{"line":81,"column":2},"end":{"line":81,"column":27}},"53":{"start":{"line":81,"column":20},"end":{"line":81,"column":27}},"54":{"start":{"line":82,"column":18},"end":{"line":82,"column":89}},"55":{"start":{"line":83,"column":2},"end":{"line":83,"column":22}},"56":{"start":{"line":84,"column":2},"end":{"line":84,"column":13}},"57":{"start":{"line":85,"column":2},"end":{"line":85,"column":19}},"58":{"start":{"line":86,"column":2},"end":{"line":86,"column":13}},"59":{"start":{"line":90,"column":16},"end":{"line":90,"column":50}},"60":{"start":{"line":92,"column":2},"end":{"line":92,"column":14}},"61":{"start":{"line":94,"column":2},"end":{"line":98,"column":5}},"62":{"start":{"line":95,"column":4},"end":{"line":97,"column":5}},"63":{"start":{"line":96,"column":6},"end":{"line":96,"column":19}},"64":{"start":{"line":99,"column":2},"end":{"line":99,"column":72}},"65":{"start":{"line":103,"column":22},"end":{"line":103,"column":60}},"66":{"start":{"line":104,"column":2},"end":{"line":108,"column":5}},"67":{"start":{"line":105,"column":4},"end":{"line":105,"column":52}},"68":{"start":{"line":105,"column":35},"end":{"line":105,"column":50}},"69":{"start":{"line":106,"column":4},"end":{"line":106,"column":15}},"70":{"start":{"line":107,"column":4},"end":{"line":107,"column":15}}},"fnMap":{"0":{"name":"saveTask","decl":{"start":{"line":3,"column":16},"end":{"line":3,"column":24}},"loc":{"start":{"line":3,"column":27},"end":{"line":5,"column":1}},"line":3},"1":{"name":"removeItem","decl":{"start":{"line":7,"column":16},"end":{"line":7,"column":26}},"loc":{"start":{"line":7,"column":44},"end":{"line":16,"column":1}},"line":7},"2":{"name":"Checkbox","decl":{"start":{"line":18,"column":16},"end":{"line":18,"column":24}},"loc":{"start":{"line":18,"column":41},"end":{"line":28,"column":1}},"line":18},"3":{"name":"(anonymous_3)","decl":{"start":{"line":23,"column":38},"end":{"line":23,"column":39}},"loc":{"start":{"line":23,"column":44},"end":{"line":26,"column":3}},"line":23},"4":{"name":"taskList","decl":{"start":{"line":30,"column":16},"end":{"line":30,"column":24}},"loc":{"start":{"line":30,"column":27},"end":{"line":77,"column":1}},"line":30},"5":{"name":"(anonymous_5)","decl":{"start":{"line":34,"column":16},"end":{"line":34,"column":17}},"loc":{"start":{"line":34,"column":33},"end":{"line":76,"column":3}},"line":34},"6":{"name":"(anonymous_6)","decl":{"start":{"line":44,"column":28},"end":{"line":44,"column":29}},"loc":{"start":{"line":44,"column":34},"end":{"line":56,"column":5}},"line":44},"7":{"name":"(anonymous_7)","decl":{"start":{"line":50,"column":41},"end":{"line":50,"column":42}},"loc":{"start":{"line":50,"column":47},"end":{"line":55,"column":7}},"line":50},"8":{"name":"(anonymous_8)","decl":{"start":{"line":66,"column":39},"end":{"line":66,"column":40}},"loc":{"start":{"line":66,"column":45},"end":{"line":66,"column":72}},"line":66},"9":{"name":"(anonymous_9)","decl":{"start":{"line":70,"column":44},"end":{"line":70,"column":45}},"loc":{"start":{"line":70,"column":50},"end":{"line":72,"column":5}},"line":70},"10":{"name":"(anonymous_10)","decl":{"start":{"line":73,"column":44},"end":{"line":73,"column":45}},"loc":{"start":{"line":73,"column":50},"end":{"line":75,"column":5}},"line":73},"11":{"name":"addNewTask","decl":{"start":{"line":79,"column":16},"end":{"line":79,"column":26}},"loc":{"start":{"line":79,"column":29},"end":{"line":87,"column":1}},"line":79},"12":{"name":"addTask","decl":{"start":{"line":89,"column":16},"end":{"line":89,"column":23}},"loc":{"start":{"line":89,"column":26},"end":{"line":100,"column":1}},"line":89},"13":{"name":"(anonymous_13)","decl":{"start":{"line":94,"column":36},"end":{"line":94,"column":37}},"loc":{"start":{"line":94,"column":47},"end":{"line":98,"column":3}},"line":94},"14":{"name":"clearCompleted","decl":{"start":{"line":102,"column":16},"end":{"line":102,"column":30}},"loc":{"start":{"line":102,"column":33},"end":{"line":109,"column":1}},"line":102},"15":{"name":"(anonymous_15)","decl":{"start":{"line":104,"column":40},"end":{"line":104,"column":41}},"loc":{"start":{"line":104,"column":46},"end":{"line":108,"column":3}},"line":104},"16":{"name":"(anonymous_16)","decl":{"start":{"line":105,"column":25},"end":{"line":105,"column":26}},"loc":{"start":{"line":105,"column":35},"end":{"line":105,"column":50}},"line":105}},"branchMap":{"0":{"loc":{"start":{"line":1,"column":12},"end":{"line":1,"column":59}},"type":"binary-expr","locations":[{"start":{"line":1,"column":12},"end":{"line":1,"column":53}},{"start":{"line":1,"column":57},"end":{"line":1,"column":59}}],"line":1},"1":{"loc":{"start":{"line":81,"column":2},"end":{"line":81,"column":27}},"type":"if","locations":[{"start":{"line":81,"column":2},"end":{"line":81,"column":27}},{"start":{},"end":{}}],"line":81},"2":{"loc":{"start":{"line":95,"column":4},"end":{"line":97,"column":5}},"type":"if","locations":[{"start":{"line":95,"column":4},"end":{"line":97,"column":5}},{"start":{},"end":{}}],"line":95}},"s":{"0":1,"1":2,"2":0,"3":0,"4":0,"5":0,"6":0,"7":0,"8":0,"9":0,"10":0,"11":0,"12":0,"13":0,"14":0,"15":0,"16":0,"17":0,"18":0,"19":0,"20":0,"21":0,"22":0,"23":0,"24":0,"25":0,"26":0,"27":0,"28":0,"29":0,"30":0,"31":0,"32":0,"33":0,"34":0,"35":0,"36":0,"37":0,"38":0,"39":0,"40":0,"41":0,"42":0,"43":0,"44":0,"45":0,"46":0,"47":0,"48":0,"49":0,"50":0,"51":0,"52":0,"53":0,"54":0,"55":0,"56":0,"57":0,"58":0,"59":0,"60":0,"61":0,"62":0,"63":0,"64":0,"65":0,"66":0,"67":0,"68":0,"69":0,"70":0},"f":{"0":2,"1":0,"2":0,"3":0,"4":0,"5":0,"6":0,"7":0,"8":0,"9":0,"10":0,"11":0,"12":0,"13":0,"14":0,"15":0,"16":0},"b":{"0":[1,1],"1":[0,0],"2":[0,0]},"_coverageSchema":"1a1c01bbd47fc00a2c39e90264f33305004495a9","hash":"6d48a2b6c06c1ba5d070da35eeea8dad13ec6449"}
}
