TN:
SF:src\modules\ToDoList.js
FN:3,saveTask
FN:7,removeItem
FN:18,Checkbox
FN:23,(anonymous_3)
FN:30,taskList
FN:34,(anonymous_5)
FN:44,(anonymous_6)
FN:50,(anonymous_7)
FN:66,(anonymous_8)
FN:70,(anonymous_9)
FN:73,(anonymous_10)
FN:79,addNewTask
FN:89,addTask
FN:94,(anonymous_13)
FN:102,clearCompleted
FN:104,(anonymous_15)
FN:105,(anonymous_16)
FNF:17
FNH:1
FNDA:2,saveTask
FNDA:0,removeItem
FNDA:0,Checkbox
FNDA:0,(anonymous_3)
FNDA:0,taskList
FNDA:0,(anonymous_5)
FNDA:0,(anonymous_6)
FNDA:0,(anonymous_7)
FNDA:0,(anonymous_8)
FNDA:0,(anonymous_9)
FNDA:0,(anonymous_10)
FNDA:0,addNewTask
FNDA:0,addTask
FNDA:0,(anonymous_13)
FNDA:0,clearCompleted
FNDA:0,(anonymous_15)
FNDA:0,(anonymous_16)
DA:1,1
DA:4,2
DA:8,0
DA:9,0
DA:12,0
DA:13,0
DA:15,0
DA:19,0
DA:20,0
DA:21,0
DA:22,0
DA:23,0
DA:24,0
DA:25,0
DA:27,0
DA:31,0
DA:32,0
DA:34,0
DA:35,0
DA:36,0
DA:38,0
DA:40,0
DA:41,0
DA:42,0
DA:44,0
DA:45,0
DA:46,0
DA:47,0
DA:48,0
DA:49,0
DA:50,0
DA:51,0
DA:52,0
DA:53,0
DA:54,0
DA:57,0
DA:58,0
DA:60,0
DA:61,0
DA:63,0
DA:64,0
DA:65,0
DA:66,0
DA:67,0
DA:68,0
DA:70,0
DA:71,0
DA:73,0
DA:74,0
DA:80,0
DA:81,0
DA:82,0
DA:83,0
DA:84,0
DA:85,0
DA:86,0
DA:90,0
DA:92,0
DA:94,0
DA:95,0
DA:96,0
DA:99,0
DA:103,0
DA:104,0
DA:105,0
DA:106,0
DA:107,0
LF:67
LH:2
BRDA:1,0,0,1
BRDA:1,0,1,1
BRDA:81,1,0,0
BRDA:81,1,1,0
BRDA:95,2,0,0
BRDA:95,2,1,0
BRF:6
BRH:2
end_of_record
